<?xml version="1.0" encoding="UTF-8"?>
<!-- Generated by org.testng.reporters.JUnitXMLReporter -->
<testsuite hostname="LAPTOP-J365QQV5" ignored="0" name="CreateCustomerTest" tests="2" failures="0" timestamp="2022-05-08T21:14:08 IST" time="70.097" errors="0">
  <testcase name="createnewccustomerwithname" time="8.801" classname="com.actitime.testscripts.CreateCustomerPageTest"/>
  <testcase name="createnewCustomerWithNameAndDescription" time="8.954" classname="com.actitime.testscripts.CreateCustomerPageTest"/>
</testsuite> <!-- CreateCustomerTest -->
