<?xml version="1.0" encoding="UTF-8"?>
<!-- Generated by org.testng.reporters.JUnitXMLReporter -->
<testsuite hostname="LAPTOP-J365QQV5" ignored="0" name="Test" tests="4" failures="0" timestamp="2022-06-02T11:11:40 IST" time="118.762" errors="0">
  <testcase name="verifyTitle" time="6.481" classname="com.actitime.testscripts.VerifyHomeTitleTest"/>
  <testcase name="createnewccustomerwithname" time="9.295" classname="com.actitime.testscripts.CreateCustomerPageTest1"/>
  <testcase name="createnewCustomerWithNameAndDescription" time="9.679" classname="com.actitime.testscripts.CreateCustomerPageTest1"/>
  <testcase name="loginTest" time="21.406" classname="com.actitime.testscripts.LoginTest"/>
</testsuite> <!-- Test -->
