<?xml version="1.0" encoding="UTF-8"?>
<!-- Generated by org.testng.reporters.JUnitXMLReporter -->
<testsuite hostname="LAPTOP-J365QQV5" ignored="0" name="Test" tests="4" failures="0" timestamp="2022-05-17T11:59:56 IST" time="127.531" errors="0">
  <testcase name="verifyTitle" time="6.387" classname="com.actitime.testscripts.VerifyHomeTitleTest"/>
  <testcase name="createnewccustomerwithname" time="10.769" classname="com.actitime.testscripts.CreateCustomerPageTest1"/>
  <testcase name="createnewCustomerWithNameAndDescription" time="9.588" classname="com.actitime.testscripts.CreateCustomerPageTest1"/>
  <testcase name="loginTest" time="18.47" classname="com.actitime.testscripts.LoginTest"/>
</testsuite> <!-- Test -->
