<?xml version="1.0" encoding="UTF-8"?>
<!-- Generated by org.testng.reporters.JUnitXMLReporter -->
<testsuite hostname="LAPTOP-J365QQV5" ignored="0" name="Test" tests="4" failures="0" timestamp="2022-05-17T11:29:08 IST" time="110.13" errors="0">
  <testcase name="verifyTitle" time="4.651" classname="com.actitime.testscripts.VerifyHomeTitleTest"/>
  <testcase name="createnewccustomerwithname" time="7.95" classname="com.actitime.testscripts.CreateCustomerPageTest1"/>
  <testcase name="createnewCustomerWithNameAndDescription" time="7.795" classname="com.actitime.testscripts.CreateCustomerPageTest1"/>
  <testcase name="loginTest" time="17.187" classname="com.actitime.testscripts.LoginTest"/>
</testsuite> <!-- Test -->
