<?xml version="1.0" encoding="UTF-8"?>
<testng-results skipped="0" failed="0" ignored="0" total="4" passed="4">
  <reporter-output>
  </reporter-output>
  <suite name="Suite" duration-ms="117819" started-at="2022-05-16T10:41:54 IST" finished-at="2022-05-16T10:43:52 IST">
    <groups>
    </groups>
    <test name="Test" duration-ms="117819" started-at="2022-05-16T10:41:54 IST" finished-at="2022-05-16T10:43:52 IST">
      <class name="com.actitime.testscripts.VerifyHomeTitleTest">
        <test-method status="PASS" signature="Setup(java.lang.String)[pri:0, instance:com.actitime.testscripts.VerifyHomeTitleTest@6ee52dcd]" name="Setup" is-config="true" duration-ms="4759" started-at="2022-05-16T10:41:54 IST" finished-at="2022-05-16T10:41:59 IST">
          <params>
            <param index="0">
              <value>
                <![CDATA[firefox]]>
              </value>
            </param>
          </params>
          <reporter-output>
          </reporter-output>
        </test-method> <!-- Setup -->
        <test-method status="PASS" signature="loginSetup()[pri:0, instance:com.actitime.testscripts.VerifyHomeTitleTest@6ee52dcd]" name="loginSetup" is-config="true" duration-ms="20515" started-at="2022-05-16T10:41:59 IST" finished-at="2022-05-16T10:42:19 IST">
          <reporter-output>
          </reporter-output>
        </test-method> <!-- loginSetup -->
        <test-method status="PASS" signature="verifyTitle()[pri:0, instance:com.actitime.testscripts.VerifyHomeTitleTest@6ee52dcd]" name="verifyTitle" duration-ms="5302" started-at="2022-05-16T10:42:19 IST" finished-at="2022-05-16T10:42:24 IST">
          <reporter-output>
          </reporter-output>
        </test-method> <!-- verifyTitle -->
        <test-method status="PASS" signature="logout()[pri:0, instance:com.actitime.testscripts.VerifyHomeTitleTest@6ee52dcd]" name="logout" is-config="true" duration-ms="3543" started-at="2022-05-16T10:42:24 IST" finished-at="2022-05-16T10:42:28 IST">
          <reporter-output>
          </reporter-output>
        </test-method> <!-- logout -->
        <test-method status="PASS" signature="tearDown()[pri:0, instance:com.actitime.testscripts.VerifyHomeTitleTest@6ee52dcd]" name="tearDown" is-config="true" duration-ms="2121" started-at="2022-05-16T10:42:28 IST" finished-at="2022-05-16T10:42:30 IST">
          <reporter-output>
          </reporter-output>
        </test-method> <!-- tearDown -->
      </class> <!-- com.actitime.testscripts.VerifyHomeTitleTest -->
      <class name="com.actitime.testscripts.CreateCustomerPageTest1">
        <test-method status="PASS" signature="Setup(java.lang.String)[pri:0, instance:com.actitime.testscripts.CreateCustomerPageTest1@458c1321]" name="Setup" is-config="true" duration-ms="3479" started-at="2022-05-16T10:42:30 IST" finished-at="2022-05-16T10:42:34 IST">
          <params>
            <param index="0">
              <value>
                <![CDATA[firefox]]>
              </value>
            </param>
          </params>
          <reporter-output>
          </reporter-output>
        </test-method> <!-- Setup -->
        <test-method status="PASS" signature="loginSetup()[pri:0, instance:com.actitime.testscripts.CreateCustomerPageTest1@458c1321]" name="loginSetup" is-config="true" duration-ms="19639" started-at="2022-05-16T10:42:34 IST" finished-at="2022-05-16T10:42:53 IST">
          <reporter-output>
          </reporter-output>
        </test-method> <!-- loginSetup -->
        <test-method status="PASS" signature="createnewccustomerwithname()[pri:1, instance:com.actitime.testscripts.CreateCustomerPageTest1@458c1321]" name="createnewccustomerwithname" duration-ms="8815" started-at="2022-05-16T10:42:53 IST" finished-at="2022-05-16T10:43:02 IST">
          <reporter-output>
          </reporter-output>
        </test-method> <!-- createnewccustomerwithname -->
        <test-method status="PASS" signature="logout()[pri:0, instance:com.actitime.testscripts.CreateCustomerPageTest1@458c1321]" name="logout" is-config="true" duration-ms="3271" started-at="2022-05-16T10:43:02 IST" finished-at="2022-05-16T10:43:05 IST">
          <reporter-output>
          </reporter-output>
        </test-method> <!-- logout -->
        <test-method status="PASS" signature="loginSetup()[pri:0, instance:com.actitime.testscripts.CreateCustomerPageTest1@458c1321]" name="loginSetup" is-config="true" duration-ms="15040" started-at="2022-05-16T10:43:05 IST" finished-at="2022-05-16T10:43:20 IST">
          <reporter-output>
          </reporter-output>
        </test-method> <!-- loginSetup -->
        <test-method status="PASS" signature="createnewCustomerWithNameAndDescription()[pri:2, instance:com.actitime.testscripts.CreateCustomerPageTest1@458c1321]" name="createnewCustomerWithNameAndDescription" duration-ms="8112" started-at="2022-05-16T10:43:20 IST" finished-at="2022-05-16T10:43:28 IST">
          <reporter-output>
          </reporter-output>
        </test-method> <!-- createnewCustomerWithNameAndDescription -->
        <test-method status="PASS" signature="logout()[pri:0, instance:com.actitime.testscripts.CreateCustomerPageTest1@458c1321]" name="logout" is-config="true" duration-ms="2966" started-at="2022-05-16T10:43:28 IST" finished-at="2022-05-16T10:43:31 IST">
          <reporter-output>
          </reporter-output>
        </test-method> <!-- logout -->
        <test-method status="PASS" signature="tearDown()[pri:0, instance:com.actitime.testscripts.CreateCustomerPageTest1@458c1321]" name="tearDown" is-config="true" duration-ms="2120" started-at="2022-05-16T10:43:31 IST" finished-at="2022-05-16T10:43:34 IST">
          <reporter-output>
          </reporter-output>
        </test-method> <!-- tearDown -->
      </class> <!-- com.actitime.testscripts.CreateCustomerPageTest1 -->
      <class name="com.actitime.testscripts.LoginTest">
        <test-method status="PASS" signature="loginTest()[pri:0, instance:com.actitime.testscripts.LoginTest@11438d26]" name="loginTest" duration-ms="18093" started-at="2022-05-16T10:43:34 IST" finished-at="2022-05-16T10:43:52 IST">
          <reporter-output>
          </reporter-output>
        </test-method> <!-- loginTest -->
      </class> <!-- com.actitime.testscripts.LoginTest -->
    </test> <!-- Test -->
  </suite> <!-- Suite -->
</testng-results>
