<?xml version="1.0" encoding="UTF-8"?>
<testsuite xmlns:xsi="http://www.w3.org/2001/XMLSchema-instance" xsi:noNamespaceSchemaLocation="https://maven.apache.org/surefire/maven-surefire-plugin/xsd/surefire-test-report-3.0.xsd" version="3.0" name="TestSuite" time="118.456" tests="4" errors="0" skipped="0" failures="0">
  <properties>
[...]
</properties>
  <testcase name="verifyTitle" classname="com.actitime.testscripts.VerifyHomeTitleTest" time="5.311">
    <system-err><![CDATA[SLF4J: Failed to load class "org.slf4j.impl.StaticLoggerBinder".
SLF4J: Defaulting to no-operation (NOP) logger implementation
SLF4J: See http://www.slf4j.org/codes.html#StaticLoggerBinder for further details.
1652677915119	geckodriver	INFO	Listening on 127.0.0.1:46256
1652677915808	mozrunner::runner	INFO	Running command: "C:\\Program Files\\Mozilla Firefox\\firefox.exe" "--marionette" "-no-remote" "-profile" "C:\\Users\\CHIDAM~1\\AppData\\Local\\Temp\\rust_mozprofilewvovRQ"
1652677916533	Marionette	INFO	Marionette enabled
console.warn: SearchSettings: "get: No settings file exists, new profile?" (new NotFoundError("Could not open the file at C:\\Users\\CHIDAM~1\\AppData\\Local\\Temp\\rust_mozprofilewvovRQ\\search.json.mozlz4", (void 0)))
1652677918869	Marionette	INFO	Listening on port 62172
Read port: 62172
1652677918992	RemoteAgent	WARN	TLS certificate errors will be ignored for this session
May 16, 2022 10:41:59 AM org.openqa.selenium.remote.ProtocolHandshake createSession
INFO: Detected dialect: W3C
console.warn: LoginRecipes: "getRecipes: falling back to a synchronous message for:" "https://demo.actitime.com"
console.warn: LoginRecipes: "getRecipes: falling back to a synchronous message for:" "https://demo.actitime.com"
console.warn: LoginRecipes: "getRecipes: falling back to a synchronous message for:" "https://demo.actitime.com"
console.warn: LoginRecipes: "getRecipes: falling back to a synchronous message for:" "https://demo.actitime.com"
console.warn: LoginRecipes: "getRecipes: falling back to a synchronous message for:" "https://demo.actitime.com"
console.warn: LoginRecipes: "getRecipes: falling back to a synchronous message for:" "https://demo.actitime.com"
]]></system-err>
  </testcase>
  <testcase name="createnewccustomerwithname" classname="com.actitime.testscripts.CreateCustomerPageTest1" time="8.815">
    <system-err><![CDATA[1652677949477	Marionette	INFO	Stopped listening on port 62172
1652677950697	geckodriver	INFO	Listening on 127.0.0.1:5535
1652677951167	mozrunner::runner	INFO	Running command: "C:\\Program Files\\Mozilla Firefox\\firefox.exe" "--marionette" "-no-remote" "-profile" "C:\\Users\\CHIDAM~1\\AppData\\Local\\Temp\\rust_mozprofilez10NET"
1652677951741	Marionette	INFO	Marionette enabled
console.warn: SearchSettings: "get: No settings file exists, new profile?" (new NotFoundError("Could not open the file at C:\\Users\\CHIDAM~1\\AppData\\Local\\Temp\\rust_mozprofilez10NET\\search.json.mozlz4", (void 0)))
1652677953938	Marionette	INFO	Listening on port 62256
Read port: 62256
1652677954030	RemoteAgent	WARN	TLS certificate errors will be ignored for this session
May 16, 2022 10:42:34 AM org.openqa.selenium.remote.ProtocolHandshake createSession
INFO: Detected dialect: W3C
console.warn: LoginRecipes: "getRecipes: falling back to a synchronous message for:" "https://demo.actitime.com"
console.warn: LoginRecipes: "getRecipes: falling back to a synchronous message for:" "https://demo.actitime.com"
console.warn: LoginRecipes: "getRecipes: falling back to a synchronous message for:" "https://demo.actitime.com"
console.warn: LoginRecipes: "getRecipes: falling back to a synchronous message for:" "https://demo.actitime.com"
console.warn: LoginRecipes: "getRecipes: falling back to a synchronous message for:" "https://demo.actitime.com"
console.warn: LoginRecipes: "getRecipes: falling back to a synchronous message for:" "https://demo.actitime.com"
]]></system-err>
  </testcase>
  <testcase name="createnewCustomerWithNameAndDescription" classname="com.actitime.testscripts.CreateCustomerPageTest1" time="8.114">
    <system-err><![CDATA[console.warn: LoginRecipes: "getRecipes: falling back to a synchronous message for:" "https://demo.actitime.com"
JavaScript error: resource://gre/modules/LoginManagerParent.jsm, line 136: TypeError: gRecipeManager is null
console.warn: LoginRecipes: "getRecipes: falling back to a synchronous message for:" "https://demo.actitime.com"
JavaScript error: resource://gre/modules/LoginManagerParent.jsm, line 136: TypeError: gRecipeManager is null
console.warn: LoginRecipes: "getRecipes: falling back to a synchronous message for:" "https://demo.actitime.com"
JavaScript error: resource://gre/modules/LoginManagerParent.jsm, line 136: TypeError: gRecipeManager is null
console.warn: LoginRecipes: "getRecipes: falling back to a synchronous message for:" "https://demo.actitime.com"J
avaScript error: resource://gre/modules/LoginManagerParent.jsm, line 136: TypeError: gRecipeManager is null
console.warn: LoginRecipes: "getRecipes: falling back to a synchronous message for:" "https://demo.actitime.com"
JavaScript error: resource://gre/modules/LoginManagerParent.jsm, line 136: TypeError: gRecipeManager is null
console.warn: LoginRecipes: "getRecipes: falling back to a synchronous message for:" "https://demo.actitime.com"
JavaScript error: resource://gre/modules/LoginManagerParent.jsm, line 136: TypeError: gRecipeManager is null
]]></system-err>
  </testcase>
  <testcase name="loginTest" classname="com.actitime.testscripts.LoginTest" time="18.102">
    <system-err><![CDATA[1652678012933	Marionette	INFO	Stopped listening on port 62256
1652678014171	geckodriver	INFO	Listening on 127.0.0.1:33839
1652678014623	mozrunner::runner	INFO	Running command: "C:\\Program Files\\Mozilla Firefox\\firefox.exe" "--marionette" "-no-remote" "-profile" "C:\\Users\\CHIDAM~1\\AppData\\Local\\Temp\\rust_mozprofilebnh8gX"
1652678015173	Marionette	INFO	Marionette enabled
console.warn: SearchSettings: "get: No settings file exists, new profile?" (new NotFoundError("Could not open the file at C:\\Users\\CHIDAM~1\\AppData\\Local\\Temp\\rust_mozprofilebnh8gX\\search.json.mozlz4", (void 0)))
1652678017137	Marionette	INFO	Listening on port 49260
Read port: 49260
1652678017260	RemoteAgent	WARN	TLS certificate errors will be ignored for this session
May 16, 2022 10:43:37 AM org.openqa.selenium.remote.ProtocolHandshake createSession
INFO: Detected dialect: W3C
]]></system-err>
  </testcase>
</testsuite>