<?xml version="1.0" encoding="UTF-8"?>
<testng-results skipped="0" failed="0" ignored="0" total="4" passed="4">
  <reporter-output>
  </reporter-output>
  <suite name="Suite" duration-ms="118762" started-at="2022-06-02T11:09:41 IST" finished-at="2022-06-02T11:11:40 IST">
    <groups>
    </groups>
    <test name="Test" duration-ms="118762" started-at="2022-06-02T11:09:41 IST" finished-at="2022-06-02T11:11:40 IST">
      <class name="com.actitime.testscripts.VerifyHomeTitleTest">
        <test-method status="PASS" signature="Setup(java.lang.String)[pri:0, instance:com.actitime.testscripts.VerifyHomeTitleTest@33723e30]" name="Setup" is-config="true" duration-ms="3309" started-at="2022-06-02T11:09:41 IST" finished-at="2022-06-02T11:09:44 IST">
          <params>
            <param index="0">
              <value>
                <![CDATA[chrome]]>
              </value>
            </param>
          </params>
          <reporter-output>
          </reporter-output>
        </test-method> <!-- Setup -->
        <test-method status="PASS" signature="loginSetup()[pri:0, instance:com.actitime.testscripts.VerifyHomeTitleTest@33723e30]" name="loginSetup" is-config="true" duration-ms="19407" started-at="2022-06-02T11:09:44 IST" finished-at="2022-06-02T11:10:04 IST">
          <reporter-output>
          </reporter-output>
        </test-method> <!-- loginSetup -->
        <test-method status="PASS" signature="verifyTitle()[pri:0, instance:com.actitime.testscripts.VerifyHomeTitleTest@33723e30]" name="verifyTitle" duration-ms="6481" started-at="2022-06-02T11:10:04 IST" finished-at="2022-06-02T11:10:10 IST">
          <reporter-output>
          </reporter-output>
        </test-method> <!-- verifyTitle -->
        <test-method status="PASS" signature="logout()[pri:0, instance:com.actitime.testscripts.VerifyHomeTitleTest@33723e30]" name="logout" is-config="true" duration-ms="2949" started-at="2022-06-02T11:10:10 IST" finished-at="2022-06-02T11:10:13 IST">
          <reporter-output>
          </reporter-output>
        </test-method> <!-- logout -->
        <test-method status="PASS" signature="tearDown()[pri:0, instance:com.actitime.testscripts.VerifyHomeTitleTest@33723e30]" name="tearDown" is-config="true" duration-ms="1235" started-at="2022-06-02T11:10:13 IST" finished-at="2022-06-02T11:10:14 IST">
          <reporter-output>
          </reporter-output>
        </test-method> <!-- tearDown -->
      </class> <!-- com.actitime.testscripts.VerifyHomeTitleTest -->
      <class name="com.actitime.testscripts.CreateCustomerPageTest1">
        <test-method status="PASS" signature="Setup(java.lang.String)[pri:0, instance:com.actitime.testscripts.CreateCustomerPageTest1@74a10858]" name="Setup" is-config="true" duration-ms="1829" started-at="2022-06-02T11:10:15 IST" finished-at="2022-06-02T11:10:16 IST">
          <params>
            <param index="0">
              <value>
                <![CDATA[chrome]]>
              </value>
            </param>
          </params>
          <reporter-output>
          </reporter-output>
        </test-method> <!-- Setup -->
        <test-method status="PASS" signature="loginSetup()[pri:0, instance:com.actitime.testscripts.CreateCustomerPageTest1@74a10858]" name="loginSetup" is-config="true" duration-ms="20205" started-at="2022-06-02T11:10:16 IST" finished-at="2022-06-02T11:10:37 IST">
          <reporter-output>
          </reporter-output>
        </test-method> <!-- loginSetup -->
        <test-method status="PASS" signature="createnewccustomerwithname()[pri:1, instance:com.actitime.testscripts.CreateCustomerPageTest1@74a10858]" name="createnewccustomerwithname" duration-ms="9295" started-at="2022-06-02T11:10:37 IST" finished-at="2022-06-02T11:10:46 IST">
          <reporter-output>
          </reporter-output>
        </test-method> <!-- createnewccustomerwithname -->
        <test-method status="PASS" signature="logout()[pri:0, instance:com.actitime.testscripts.CreateCustomerPageTest1@74a10858]" name="logout" is-config="true" duration-ms="3228" started-at="2022-06-02T11:10:46 IST" finished-at="2022-06-02T11:10:49 IST">
          <reporter-output>
          </reporter-output>
        </test-method> <!-- logout -->
        <test-method status="PASS" signature="loginSetup()[pri:0, instance:com.actitime.testscripts.CreateCustomerPageTest1@74a10858]" name="loginSetup" is-config="true" duration-ms="15279" started-at="2022-06-02T11:10:49 IST" finished-at="2022-06-02T11:11:04 IST">
          <reporter-output>
          </reporter-output>
        </test-method> <!-- loginSetup -->
        <test-method status="PASS" signature="createnewCustomerWithNameAndDescription()[pri:2, instance:com.actitime.testscripts.CreateCustomerPageTest1@74a10858]" name="createnewCustomerWithNameAndDescription" duration-ms="9679" started-at="2022-06-02T11:11:04 IST" finished-at="2022-06-02T11:11:14 IST">
          <reporter-output>
          </reporter-output>
        </test-method> <!-- createnewCustomerWithNameAndDescription -->
        <test-method status="PASS" signature="logout()[pri:0, instance:com.actitime.testscripts.CreateCustomerPageTest1@74a10858]" name="logout" is-config="true" duration-ms="3135" started-at="2022-06-02T11:11:14 IST" finished-at="2022-06-02T11:11:17 IST">
          <reporter-output>
          </reporter-output>
        </test-method> <!-- logout -->
        <test-method status="PASS" signature="tearDown()[pri:0, instance:com.actitime.testscripts.CreateCustomerPageTest1@74a10858]" name="tearDown" is-config="true" duration-ms="1226" started-at="2022-06-02T11:11:17 IST" finished-at="2022-06-02T11:11:18 IST">
          <reporter-output>
          </reporter-output>
        </test-method> <!-- tearDown -->
      </class> <!-- com.actitime.testscripts.CreateCustomerPageTest1 -->
      <class name="com.actitime.testscripts.LoginTest">
        <test-method status="PASS" signature="loginTest()[pri:0, instance:com.actitime.testscripts.LoginTest@23fe1d71]" name="loginTest" duration-ms="21406" started-at="2022-06-02T11:11:18 IST" finished-at="2022-06-02T11:11:40 IST">
          <reporter-output>
          </reporter-output>
        </test-method> <!-- loginTest -->
      </class> <!-- com.actitime.testscripts.LoginTest -->
    </test> <!-- Test -->
  </suite> <!-- Suite -->
</testng-results>
